<?xml version="1.0" encoding="UTF-8"?>
<testsuite xmlns:xsi="http://www.w3.org/2001/XMLSchema-instance" xsi:noNamespaceSchemaLocation="https://maven.apache.org/surefire/maven-surefire-plugin/xsd/surefire-test-report-3.0.xsd" version="3.0" name="com.example.codingexercise.PackageControllerTests" time="3.231" tests="3" errors="0" skipped="0" failures="0">
  <properties>
[...]
</properties>
  <testcase name="getPackage" classname="com.example.codingexercise.PackageControllerTests" time="1.104">
    <system-out><![CDATA[11:59:57.980 [main] INFO org.springframework.test.context.support.AnnotationConfigContextLoaderUtils -- Could not detect default configuration classes for test class [com.example.codingexercise.PackageControllerTests]: PackageControllerTests does not declare any static, non-private, non-final, nested classes annotated with @Configuration.
11:59:58.068 [main] INFO org.springframework.boot.test.context.SpringBootTestContextBootstrapper -- Found @SpringBootConfiguration com.example.codingexercise.CodingExerciseApplication for test class com.example.codingexercise.PackageControllerTests

  .   ____          _            __ _ _
 /\\ / ___'_ __ _ _(_)_ __  __ _ \ \ \ \
( ( )\___ | '_ | '_| | '_ \/ _` | \ \ \ \
 \\/  ___)| |_)| | | | | || (_| |  ) ) ) )
  '  |____| .__|_| |_|_| |_\__, | / / / /
 =========|_|==============|___/=/_/_/_/
 :: Spring Boot ::                (v3.1.0)

2025-10-21T11:59:58.356+01:00  INFO 16512 --- [           main] c.e.c.PackageControllerTests             : Starting PackageControllerTests using Java 21.0.8 with PID 16512 (started by Hadia in D:\Coding Exercise\codingexercise)
2025-10-21T11:59:58.357+01:00  INFO 16512 --- [           main] c.e.c.PackageControllerTests             : No active profile set, falling back to 1 default profile: "default"
2025-10-21T11:59:59.256+01:00  INFO 16512 --- [           main] o.s.b.w.embedded.tomcat.TomcatWebServer  : Tomcat initialized with port(s): 0 (http)
2025-10-21T11:59:59.262+01:00  INFO 16512 --- [           main] o.apache.catalina.core.StandardService   : Starting service [Tomcat]
2025-10-21T11:59:59.265+01:00  INFO 16512 --- [           main] o.apache.catalina.core.StandardEngine    : Starting Servlet engine: [Apache Tomcat/10.1.8]
2025-10-21T11:59:59.333+01:00  INFO 16512 --- [           main] o.a.c.c.C.[Tomcat].[localhost].[/]       : Initializing Spring embedded WebApplicationContext
2025-10-21T11:59:59.346+01:00  INFO 16512 --- [           main] w.s.c.ServletWebServerApplicationContext : Root WebApplicationContext: initialization completed in 960 ms
2025-10-21T11:59:59.823+01:00  INFO 16512 --- [           main] o.s.b.w.embedded.tomcat.TomcatWebServer  : Tomcat started on port(s): 51623 (http) with context path ''
2025-10-21T11:59:59.833+01:00  INFO 16512 --- [           main] c.e.c.PackageControllerTests             : Started PackageControllerTests in 1.687 seconds (process running for 2.362)
2025-10-21T12:00:00.516+01:00  INFO 16512 --- [o-auto-1-exec-1] o.a.c.c.C.[Tomcat].[localhost].[/]       : Initializing Spring DispatcherServlet 'dispatcherServlet'
2025-10-21T12:00:00.517+01:00  INFO 16512 --- [o-auto-1-exec-1] o.s.web.servlet.DispatcherServlet        : Initializing Servlet 'dispatcherServlet'
2025-10-21T12:00:00.517+01:00  INFO 16512 --- [o-auto-1-exec-1] o.s.web.servlet.DispatcherServlet        : Completed initialization in 0 ms
]]></system-out>
    <system-err><![CDATA[WARNING: A Java agent has been loaded dynamically (C:\Users\Hadia\.m2\repository\net\bytebuddy\byte-buddy-agent\1.14.4\byte-buddy-agent-1.14.4.jar)
WARNING: If a serviceability tool is in use, please run with -XX:+EnableDynamicAgentLoading to hide this warning
WARNING: If a serviceability tool is not in use, please run with -Djdk.instrument.traceUsage for more information
WARNING: Dynamic loading of agents will be disallowed by default in a future release
]]></system-err>
  </testcase>
  <testcase name="createPackage" classname="com.example.codingexercise.PackageControllerTests" time="0.039"/>
  <testcase name="listPackages" classname="com.example.codingexercise.PackageControllerTests" time="0.099"/>
</testsuite>